<?xml version="1.0" encoding="UTF-8"?>
<!-- Generated by org.testng.reporters.JUnitReportReporter -->
<testsuite skipped="0" hostname="BLT215" name="com.TestCases.TestCase_Seleniumhq" tests="2" failures="0" timestamp="12 Mar 2020 05:54:24 GMT" time="34.624" errors="0">
  <testcase name="Assert_successful" time="12.363" classname="com.TestCases.TestCase_Seleniumhq"/>
  <testcase name="Seleniumhq" time="22.261" classname="com.TestCases.TestCase_Seleniumhq"/>
</testsuite> <!-- com.TestCases.TestCase_Seleniumhq -->
