<?xml version="1.0" encoding="UTF-8"?>
<!-- Generated by org.testng.reporters.JUnitReportReporter -->
<testsuite skipped="0" hostname="BLT215" name="SeleniumDemo.headlessbrowser" tests="1" failures="0" timestamp="2020-02-18T16:14:28 IST" time="3.925" errors="0">
  <testcase name="login" time="3.925" classname="SeleniumDemo.headlessbrowser"/>
</testsuite> <!-- SeleniumDemo.headlessbrowser -->
