<?xml version="1.0" encoding="UTF-8"?>
<!-- Generated by org.testng.reporters.JUnitReportReporter -->
<testsuite skipped="0" hostname="BLT215" name="TestNgDemo.paralleltestcase1" tests="3" failures="0" timestamp="2020-02-18T14:50:03 IST" time="0.026" errors="0">
  <testcase name="testcase6" time="0.004" classname="TestNgDemo.paralleltestcase1"/>
  <testcase name="testcase4" time="0.016" classname="TestNgDemo.paralleltestcase1"/>
  <testcase name="testcase5" time="0.006" classname="TestNgDemo.paralleltestcase1"/>
</testsuite> <!-- TestNgDemo.paralleltestcase1 -->
