<?xml version="1.0" encoding="UTF-8"?>
<!-- Generated by org.testng.reporters.JUnitReportReporter -->
<testsuite skipped="0" hostname="BLT215" name="data_provide.example" tests="3" failures="0" timestamp="2020-03-03T14:36:19 IST" time="0.026" errors="0">
  <testcase name="setData" time="0.002" classname="data_provide.example"/>
  <system-out/>
  <testcase name="setData" time="0.023" classname="data_provide.example"/>
  <system-out/>
  <testcase name="setData" time="0.001" classname="data_provide.example"/>
  <system-out/>
</testsuite> <!-- data_provide.example -->
