<?xml version="1.0" encoding="UTF-8"?>
<!-- Generated by org.testng.reporters.JUnitReportReporter -->
<testsuite skipped="0" hostname="BLT215" name="TestNgDemo.SampleTestCase" tests="3" failures="0" timestamp="2020-02-17T12:23:00 IST" time="0.029" errors="0">
  <testcase name="testcase1" time="0.021" classname="TestNgDemo.SampleTestCase"/>
  <system-out/>
  <testcase name="testcase3" time="0.003" classname="TestNgDemo.SampleTestCase"/>
  <system-out/>
  <testcase name="testcase2" time="0.005" classname="TestNgDemo.SampleTestCase"/>
  <system-out/>
</testsuite> <!-- TestNgDemo.SampleTestCase -->
