<?xml version="1.0" encoding="UTF-8"?>
<!-- Generated by org.testng.reporters.JUnitReportReporter -->
<testsuite skipped="0" hostname="BLT215" name="SeleniumDemo.windowhandling" tests="1" failures="0" timestamp="2020-02-19T17:16:41 IST" time="10.730" errors="0">
  <testcase name="irctclogin" time="10.730" classname="SeleniumDemo.windowhandling"/>
</testsuite> <!-- SeleniumDemo.windowhandling -->
