<?xml version="1.0" encoding="UTF-8"?>
<!-- Generated by org.testng.reporters.JUnitReportReporter -->
<testsuite skipped="0" hostname="BLT215" name="TestNgDemo.paralletestcase" tests="3" failures="0" timestamp="2020-02-18T14:49:47 IST" time="0.021" errors="0">
  <testcase name="testcase3" time="0.001" classname="TestNgDemo.paralletestcase"/>
  <testcase name="testcase1" time="0.018" classname="TestNgDemo.paralletestcase"/>
  <testcase name="testcase2" time="0.002" classname="TestNgDemo.paralletestcase"/>
</testsuite> <!-- TestNgDemo.paralletestcase -->
