<?xml version="1.0" encoding="UTF-8"?>
<!-- Generated by org.testng.reporters.JUnitReportReporter -->
<testsuite skipped="0" hostname="BLT215" name="TestNg_Example_one.LinkedinApp" tests="1" failures="0" timestamp="2020-02-17T15:58:44 IST" time="26.659" errors="0">
  <testcase name="collectionpage" time="26.659" classname="TestNg_Example_one.LinkedinApp"/>
  <system-out/>
</testsuite> <!-- TestNg_Example_one.LinkedinApp -->
