<?xml version="1.0" encoding="UTF-8"?>
<!-- Generated by org.testng.reporters.JUnitReportReporter -->
<testsuite skipped="0" hostname="BLT215" name="TestNgDemo.prioritytestcase" tests="3" failures="0" timestamp="2020-02-17T13:52:33 IST" time="0.021" errors="0">
  <testcase name="testcase2" time="0.017" classname="TestNgDemo.prioritytestcase"/>
  <system-out/>
  <testcase name="testcase3" time="0.002" classname="TestNgDemo.prioritytestcase"/>
  <system-out/>
  <testcase name="testcase1" time="0.002" classname="TestNgDemo.prioritytestcase"/>
  <system-out/>
</testsuite> <!-- TestNgDemo.prioritytestcase -->
