<?xml version="1.0" encoding="UTF-8"?>
<!-- Generated by org.testng.reporters.JUnitReportReporter -->
<testsuite skipped="0" hostname="BLT215" name="data_provide.linkedin_dataprovider" tests="3" failures="0" timestamp="2020-03-03T15:11:58 IST" time="16.930" errors="0">
  <testcase name="setData" time="5.729" classname="data_provide.linkedin_dataprovider"/>
  <system-out/>
  <testcase name="setData" time="5.082" classname="data_provide.linkedin_dataprovider"/>
  <system-out/>
  <testcase name="setData" time="6.119" classname="data_provide.linkedin_dataprovider"/>
  <system-out/>
</testsuite> <!-- data_provide.linkedin_dataprovider -->
