<?xml version="1.0" encoding="UTF-8"?>
<!-- Generated by org.testng.reporters.JUnitReportReporter -->
<testsuite skipped="0" hostname="BLT215" name="TestNgDemo.dependsongroup" tests="2" failures="0" timestamp="2020-02-17T16:18:40 IST" time="0.017" errors="0">
  <testcase name="testcase2" time="0.014" classname="TestNgDemo.dependsongroup"/>
  <system-out/>
  <testcase name="testcase3" time="0.003" classname="TestNgDemo.dependsongroup"/>
  <system-out/>
</testsuite> <!-- TestNgDemo.dependsongroup -->
