<?xml version="1.0" encoding="UTF-8"?>
<!-- Generated by org.testng.reporters.JUnitReportReporter -->
<testsuite skipped="0" hostname="BLT215" name="TestCase.Linkedin_login_testcase" tests="1" failures="0" timestamp="2020-02-19T13:43:42 IST" time="23.784" errors="0">
  <testcase name="login" time="23.784" classname="TestCase.Linkedin_login_testcase"/>
</testsuite> <!-- TestCase.Linkedin_login_testcase -->
