<?xml version="1.0" encoding="UTF-8"?>
<!-- Generated by org.testng.reporters.JUnitReportReporter -->
<testsuite skipped="0" hostname="BLT215" name="Gradle_Demo.BasicTest" tests="1" failures="0" timestamp="2020-02-20T11:22:34 IST" time="9.112" errors="0">
  <testcase name="key" time="9.112" classname="Gradle_Demo.BasicTest"/>
  <system-out/>
</testsuite> <!-- Gradle_Demo.BasicTest -->
