<?xml version="1.0" encoding="UTF-8"?>
<!-- Generated by org.testng.reporters.JUnitReportReporter -->
<testsuite skipped="0" hostname="BLT215" name="com.Testcase.seleniumhq_test" tests="1" failures="0" timestamp="10 Mar 2020 14:25:59 GMT" time="14.190" errors="0">
  <testcase name="sel_test" time="14.190" classname="com.Testcase.seleniumhq_test"/>
</testsuite> <!-- com.Testcase.seleniumhq_test -->
